{"D:\\prepos\\sub-fso\\part5\\src\\App.jsx": {"path":"D:\\prepos\\sub-fso\\part5\\src\\App.jsx","all":true,"statementMap":{"0":{"start":{"line":1,"column":0},"end":{"line":1,"column":51}},"1":{"start":{"line":2,"column":0},"end":{"line":2,"column":36}},"2":{"start":{"line":3,"column":0},"end":{"line":3,"column":42}},"3":{"start":{"line":4,"column":0},"end":{"line":4,"column":43}},"4":{"start":{"line":5,"column":0},"end":{"line":5,"column":52}},"5":{"start":{"line":6,"column":0},"end":{"line":6,"column":46}},"6":{"start":{"line":7,"column":0},"end":{"line":7,"column":46}},"7":{"start":{"line":8,"column":0},"end":{"line":8,"column":44}},"8":{"start":{"line":9,"column":0},"end":{"line":9,"column":44}},"10":{"start":{"line":11,"column":0},"end":{"line":11,"column":16}},"11":{"start":{"line":12,"column":0},"end":{"line":12,"column":56}},"12":{"start":{"line":13,"column":0},"end":{"line":13,"column":40}},"13":{"start":{"line":14,"column":0},"end":{"line":14,"column":46}},"14":{"start":{"line":15,"column":0},"end":{"line":15,"column":46}},"15":{"start":{"line":16,"column":0},"end":{"line":16,"column":40}},"16":{"start":{"line":17,"column":0},"end":{"line":17,"column":30}},"18":{"start":{"line":19,"column":0},"end":{"line":19,"column":19}},"19":{"start":{"line":20,"column":0},"end":{"line":20,"column":15}},"20":{"start":{"line":21,"column":0},"end":{"line":21,"column":15}},"21":{"start":{"line":22,"column":0},"end":{"line":22,"column":26}},"22":{"start":{"line":23,"column":0},"end":{"line":23,"column":40}},"23":{"start":{"line":24,"column":0},"end":{"line":24,"column":8}},"25":{"start":{"line":26,"column":0},"end":{"line":26,"column":19}},"26":{"start":{"line":27,"column":0},"end":{"line":27,"column":71}},"27":{"start":{"line":28,"column":0},"end":{"line":28,"column":25}},"28":{"start":{"line":29,"column":0},"end":{"line":29,"column":45}},"29":{"start":{"line":30,"column":0},"end":{"line":30,"column":19}},"30":{"start":{"line":31,"column":0},"end":{"line":31,"column":38}},"31":{"start":{"line":32,"column":0},"end":{"line":32,"column":5}},"32":{"start":{"line":33,"column":0},"end":{"line":33,"column":8}},"34":{"start":{"line":35,"column":0},"end":{"line":35,"column":49}},"35":{"start":{"line":36,"column":0},"end":{"line":36,"column":37}},"36":{"start":{"line":37,"column":0},"end":{"line":37,"column":22}},"37":{"start":{"line":38,"column":0},"end":{"line":38,"column":27}},"38":{"start":{"line":39,"column":0},"end":{"line":39,"column":12}},"39":{"start":{"line":40,"column":0},"end":{"line":40,"column":3}},"41":{"start":{"line":42,"column":0},"end":{"line":42,"column":34}},"43":{"start":{"line":44,"column":0},"end":{"line":44,"column":22}},"44":{"start":{"line":45,"column":0},"end":{"line":45,"column":51}},"45":{"start":{"line":46,"column":0},"end":{"line":46,"column":43}},"46":{"start":{"line":47,"column":0},"end":{"line":47,"column":19}},"48":{"start":{"line":49,"column":0},"end":{"line":49,"column":43}},"49":{"start":{"line":50,"column":0},"end":{"line":50,"column":3}},"51":{"start":{"line":52,"column":0},"end":{"line":52,"column":40}},"52":{"start":{"line":53,"column":0},"end":{"line":53,"column":26}},"53":{"start":{"line":54,"column":0},"end":{"line":54,"column":54}},"55":{"start":{"line":56,"column":0},"end":{"line":56,"column":9}},"56":{"start":{"line":57,"column":0},"end":{"line":57,"column":43}},"57":{"start":{"line":58,"column":0},"end":{"line":58,"column":24}},"58":{"start":{"line":59,"column":0},"end":{"line":59,"column":6}},"60":{"start":{"line":61,"column":0},"end":{"line":61,"column":32}},"61":{"start":{"line":62,"column":0},"end":{"line":62,"column":22}},"62":{"start":{"line":63,"column":0},"end":{"line":63,"column":27}},"63":{"start":{"line":64,"column":0},"end":{"line":64,"column":5}},"65":{"start":{"line":66,"column":0},"end":{"line":66,"column":36}},"66":{"start":{"line":67,"column":0},"end":{"line":67,"column":17}},"67":{"start":{"line":68,"column":0},"end":{"line":68,"column":19}},"68":{"start":{"line":69,"column":0},"end":{"line":69,"column":19}},"69":{"start":{"line":70,"column":0},"end":{"line":70,"column":62}},"70":{"start":{"line":71,"column":0},"end":{"line":71,"column":18}},"71":{"start":{"line":72,"column":0},"end":{"line":72,"column":24}},"72":{"start":{"line":73,"column":0},"end":{"line":73,"column":5}},"73":{"start":{"line":74,"column":0},"end":{"line":74,"column":3}},"75":{"start":{"line":76,"column":0},"end":{"line":76,"column":30}},"76":{"start":{"line":77,"column":0},"end":{"line":77,"column":31}},"77":{"start":{"line":78,"column":0},"end":{"line":78,"column":17}},"78":{"start":{"line":79,"column":0},"end":{"line":79,"column":30}},"79":{"start":{"line":80,"column":0},"end":{"line":80,"column":3}},"81":{"start":{"line":82,"column":0},"end":{"line":82,"column":32}},"82":{"start":{"line":83,"column":0},"end":{"line":83,"column":49}},"83":{"start":{"line":84,"column":0},"end":{"line":84,"column":3}},"85":{"start":{"line":86,"column":0},"end":{"line":86,"column":40}},"86":{"start":{"line":87,"column":0},"end":{"line":87,"column":51}},"87":{"start":{"line":88,"column":0},"end":{"line":88,"column":9}},"88":{"start":{"line":89,"column":0},"end":{"line":89,"column":55}},"89":{"start":{"line":90,"column":0},"end":{"line":90,"column":14}},"90":{"start":{"line":91,"column":0},"end":{"line":91,"column":15}},"91":{"start":{"line":92,"column":0},"end":{"line":92,"column":12}},"92":{"start":{"line":93,"column":0},"end":{"line":93,"column":23}},"93":{"start":{"line":94,"column":0},"end":{"line":94,"column":8}},"94":{"start":{"line":95,"column":0},"end":{"line":95,"column":15}},"95":{"start":{"line":96,"column":0},"end":{"line":96,"column":85}},"96":{"start":{"line":97,"column":0},"end":{"line":97,"column":7}},"97":{"start":{"line":98,"column":0},"end":{"line":98,"column":20}},"98":{"start":{"line":99,"column":0},"end":{"line":99,"column":24}},"99":{"start":{"line":100,"column":0},"end":{"line":100,"column":5}},"100":{"start":{"line":101,"column":0},"end":{"line":101,"column":3}},"102":{"start":{"line":103,"column":0},"end":{"line":103,"column":41}},"103":{"start":{"line":104,"column":0},"end":{"line":104,"column":8}},"104":{"start":{"line":105,"column":0},"end":{"line":105,"column":44}},"105":{"start":{"line":106,"column":0},"end":{"line":106,"column":59}},"107":{"start":{"line":108,"column":0},"end":{"line":108,"column":38}},"108":{"start":{"line":109,"column":0},"end":{"line":109,"column":84}},"109":{"start":{"line":110,"column":0},"end":{"line":110,"column":18}},"110":{"start":{"line":111,"column":0},"end":{"line":111,"column":24}},"111":{"start":{"line":112,"column":0},"end":{"line":112,"column":5}},"112":{"start":{"line":113,"column":0},"end":{"line":113,"column":3}},"113":{"start":{"line":114,"column":0},"end":{"line":114,"column":53}},"114":{"start":{"line":115,"column":0},"end":{"line":115,"column":8}},"115":{"start":{"line":116,"column":0},"end":{"line":116,"column":34}},"116":{"start":{"line":117,"column":0},"end":{"line":117,"column":52}},"117":{"start":{"line":118,"column":0},"end":{"line":118,"column":68}},"118":{"start":{"line":119,"column":0},"end":{"line":119,"column":21}},"119":{"start":{"line":120,"column":0},"end":{"line":120,"column":24}},"120":{"start":{"line":121,"column":0},"end":{"line":121,"column":5}},"121":{"start":{"line":122,"column":0},"end":{"line":122,"column":4}},"123":{"start":{"line":124,"column":0},"end":{"line":124,"column":26}},"124":{"start":{"line":125,"column":0},"end":{"line":125,"column":12}},"125":{"start":{"line":126,"column":0},"end":{"line":126,"column":11}},"126":{"start":{"line":127,"column":0},"end":{"line":127,"column":60}},"127":{"start":{"line":128,"column":0},"end":{"line":128,"column":37}},"128":{"start":{"line":129,"column":0},"end":{"line":129,"column":20}},"129":{"start":{"line":130,"column":0},"end":{"line":130,"column":12}},"131":{"start":{"line":132,"column":0},"end":{"line":132,"column":3}},"132":{"start":{"line":133,"column":0},"end":{"line":133,"column":27}},"133":{"start":{"line":134,"column":0},"end":{"line":134,"column":12}},"134":{"start":{"line":135,"column":0},"end":{"line":135,"column":11}},"135":{"start":{"line":136,"column":0},"end":{"line":136,"column":39}},"136":{"start":{"line":137,"column":0},"end":{"line":137,"column":21}},"137":{"start":{"line":138,"column":0},"end":{"line":138,"column":31}},"138":{"start":{"line":139,"column":0},"end":{"line":139,"column":31}},"139":{"start":{"line":140,"column":0},"end":{"line":140,"column":74}},"140":{"start":{"line":141,"column":0},"end":{"line":141,"column":74}},"141":{"start":{"line":142,"column":0},"end":{"line":142,"column":38}},"142":{"start":{"line":143,"column":0},"end":{"line":143,"column":12}},"143":{"start":{"line":144,"column":0},"end":{"line":144,"column":20}},"144":{"start":{"line":145,"column":0},"end":{"line":145,"column":12}},"146":{"start":{"line":147,"column":0},"end":{"line":147,"column":3}},"147":{"start":{"line":148,"column":0},"end":{"line":148,"column":10}},"148":{"start":{"line":149,"column":0},"end":{"line":149,"column":9}},"149":{"start":{"line":150,"column":0},"end":{"line":150,"column":20}},"150":{"start":{"line":151,"column":0},"end":{"line":151,"column":49}},"152":{"start":{"line":153,"column":0},"end":{"line":153,"column":28}},"153":{"start":{"line":154,"column":0},"end":{"line":154,"column":20}},"154":{"start":{"line":155,"column":0},"end":{"line":155,"column":36}},"155":{"start":{"line":156,"column":0},"end":{"line":156,"column":54}},"156":{"start":{"line":157,"column":0},"end":{"line":157,"column":20}},"157":{"start":{"line":158,"column":0},"end":{"line":158,"column":15}},"159":{"start":{"line":160,"column":0},"end":{"line":160,"column":94}},"160":{"start":{"line":161,"column":0},"end":{"line":161,"column":10}},"162":{"start":{"line":163,"column":0},"end":{"line":163,"column":1}},"164":{"start":{"line":165,"column":0},"end":{"line":165,"column":18}}},"s":{"0":0,"1":0,"2":0,"3":0,"4":0,"5":0,"6":0,"7":0,"8":0,"10":0,"11":0,"12":0,"13":0,"14":0,"15":0,"16":0,"18":0,"19":0,"20":0,"21":0,"22":0,"23":0,"25":0,"26":0,"27":0,"28":0,"29":0,"30":0,"31":0,"32":0,"34":0,"35":0,"36":0,"37":0,"38":0,"39":0,"41":0,"43":0,"44":0,"45":0,"46":0,"48":0,"49":0,"51":0,"52":0,"53":0,"55":0,"56":0,"57":0,"58":0,"60":0,"61":0,"62":0,"63":0,"65":0,"66":0,"67":0,"68":0,"69":0,"70":0,"71":0,"72":0,"73":0,"75":0,"76":0,"77":0,"78":0,"79":0,"81":0,"82":0,"83":0,"85":0,"86":0,"87":0,"88":0,"89":0,"90":0,"91":0,"92":0,"93":0,"94":0,"95":0,"96":0,"97":0,"98":0,"99":0,"100":0,"102":0,"103":0,"104":0,"105":0,"107":0,"108":0,"109":0,"110":0,"111":0,"112":0,"113":0,"114":0,"115":0,"116":0,"117":0,"118":0,"119":0,"120":0,"121":0,"123":0,"124":0,"125":0,"126":0,"127":0,"128":0,"129":0,"131":0,"132":0,"133":0,"134":0,"135":0,"136":0,"137":0,"138":0,"139":0,"140":0,"141":0,"142":0,"143":0,"144":0,"146":0,"147":0,"148":0,"149":0,"150":0,"152":0,"153":0,"154":0,"155":0,"156":0,"157":0,"159":0,"160":0,"162":0,"164":0},"branchMap":{"0":{"type":"branch","line":1,"loc":{"start":{"line":1,"column":4217},"end":{"line":165,"column":18}},"locations":[{"start":{"line":1,"column":4217},"end":{"line":165,"column":18}}]}},"b":{"0":[0]},"fnMap":{"0":{"name":"(empty-report)","decl":{"start":{"line":1,"column":4217},"end":{"line":165,"column":18}},"loc":{"start":{"line":1,"column":4217},"end":{"line":165,"column":18}},"line":1}},"f":{"0":0}}
,"D:\\prepos\\sub-fso\\part5\\src\\main.jsx": {"path":"D:\\prepos\\sub-fso\\part5\\src\\main.jsx","all":true,"statementMap":{"0":{"start":{"line":1,"column":0},"end":{"line":1,"column":45}},"1":{"start":{"line":2,"column":0},"end":{"line":2,"column":27}},"2":{"start":{"line":3,"column":0},"end":{"line":3,"column":20}},"4":{"start":{"line":5,"column":0},"end":{"line":5,"column":51}},"5":{"start":{"line":6,"column":0},"end":{"line":6,"column":9}},"6":{"start":{"line":7,"column":0},"end":{"line":7,"column":1}}},"s":{"0":0,"1":0,"2":0,"4":0,"5":0,"6":0},"branchMap":{"0":{"type":"branch","line":1,"loc":{"start":{"line":1,"column":150},"end":{"line":7,"column":-113}},"locations":[{"start":{"line":1,"column":150},"end":{"line":7,"column":-113}}]}},"b":{"0":[0]},"fnMap":{"0":{"name":"(empty-report)","decl":{"start":{"line":1,"column":150},"end":{"line":7,"column":-113}},"loc":{"start":{"line":1,"column":150},"end":{"line":7,"column":-113}},"line":1}},"f":{"0":0}}
,"D:\\prepos\\sub-fso\\part5\\src\\components\\Blog.jsx": {"path":"D:\\prepos\\sub-fso\\part5\\src\\components\\Blog.jsx","all":false,"statementMap":{"0":{"start":{"line":1,"column":0},"end":{"line":1,"column":32}},"2":{"start":{"line":3,"column":0},"end":{"line":3,"column":58}},"3":{"start":{"line":4,"column":0},"end":{"line":4,"column":57}},"5":{"start":{"line":6,"column":0},"end":{"line":6,"column":32}},"6":{"start":{"line":7,"column":0},"end":{"line":7,"column":76}},"7":{"start":{"line":8,"column":0},"end":{"line":8,"column":28}},"8":{"start":{"line":9,"column":0},"end":{"line":9,"column":9}},"9":{"start":{"line":10,"column":0},"end":{"line":10,"column":5}},"11":{"start":{"line":12,"column":0},"end":{"line":12,"column":23}},"12":{"start":{"line":13,"column":0},"end":{"line":13,"column":19}},"13":{"start":{"line":14,"column":0},"end":{"line":14,"column":19}},"14":{"start":{"line":15,"column":0},"end":{"line":15,"column":20}},"15":{"start":{"line":16,"column":0},"end":{"line":16,"column":19}},"16":{"start":{"line":17,"column":0},"end":{"line":17,"column":19}},"17":{"start":{"line":18,"column":0},"end":{"line":18,"column":5}},"19":{"start":{"line":20,"column":0},"end":{"line":20,"column":12}},"20":{"start":{"line":21,"column":0},"end":{"line":21,"column":48}},"21":{"start":{"line":22,"column":0},"end":{"line":22,"column":17}},"22":{"start":{"line":23,"column":0},"end":{"line":23,"column":60}},"23":{"start":{"line":24,"column":0},"end":{"line":24,"column":69}},"24":{"start":{"line":25,"column":0},"end":{"line":25,"column":51}},"25":{"start":{"line":26,"column":0},"end":{"line":26,"column":25}},"26":{"start":{"line":27,"column":0},"end":{"line":27,"column":18}},"27":{"start":{"line":28,"column":0},"end":{"line":28,"column":29}},"28":{"start":{"line":29,"column":0},"end":{"line":29,"column":14}},"29":{"start":{"line":30,"column":0},"end":{"line":30,"column":51}},"30":{"start":{"line":31,"column":0},"end":{"line":31,"column":39}},"31":{"start":{"line":32,"column":0},"end":{"line":32,"column":39}},"32":{"start":{"line":33,"column":0},"end":{"line":33,"column":77}},"33":{"start":{"line":34,"column":0},"end":{"line":34,"column":22}},"34":{"start":{"line":35,"column":0},"end":{"line":35,"column":50}},"35":{"start":{"line":36,"column":0},"end":{"line":36,"column":60}},"37":{"start":{"line":38,"column":0},"end":{"line":38,"column":70}},"39":{"start":{"line":40,"column":0},"end":{"line":40,"column":15}},"41":{"start":{"line":42,"column":0},"end":{"line":42,"column":14}},"42":{"start":{"line":43,"column":0},"end":{"line":43,"column":2}},"44":{"start":{"line":45,"column":0},"end":{"line":45,"column":19}}},"s":{"0":1,"2":1,"3":5,"5":5,"6":0,"7":0,"8":0,"9":0,"11":5,"12":5,"13":5,"14":5,"15":5,"16":5,"17":5,"19":5,"20":5,"21":5,"22":5,"23":5,"24":5,"25":5,"26":5,"27":5,"28":2,"29":2,"30":2,"31":2,"32":2,"33":2,"34":2,"35":2,"37":2,"39":2,"41":5,"42":5,"44":1},"branchMap":{"0":{"type":"branch","line":3,"loc":{"start":{"line":3,"column":13},"end":{"line":43,"column":2}},"locations":[{"start":{"line":3,"column":13},"end":{"line":43,"column":2}}]},"1":{"type":"branch","line":25,"loc":{"start":{"line":25,"column":21},"end":{"line":25,"column":44}},"locations":[{"start":{"line":25,"column":21},"end":{"line":25,"column":44}}]},"2":{"type":"branch","line":25,"loc":{"start":{"line":25,"column":35},"end":{"line":25,"column":51}},"locations":[{"start":{"line":25,"column":35},"end":{"line":25,"column":51}}]},"3":{"type":"branch","line":28,"loc":{"start":{"line":28,"column":13},"end":{"line":40,"column":15}},"locations":[{"start":{"line":28,"column":13},"end":{"line":40,"column":15}}]},"4":{"type":"branch","line":24,"loc":{"start":{"line":24,"column":33},"end":{"line":24,"column":69}},"locations":[{"start":{"line":24,"column":33},"end":{"line":24,"column":69}}]},"5":{"type":"branch","line":33,"loc":{"start":{"line":33,"column":37},"end":{"line":33,"column":62}},"locations":[{"start":{"line":33,"column":37},"end":{"line":33,"column":62}}]}},"b":{"0":[5],"1":[2],"2":[3],"3":[2],"4":[2],"5":[2]},"fnMap":{"0":{"name":"Blog","decl":{"start":{"line":3,"column":13},"end":{"line":43,"column":2}},"loc":{"start":{"line":3,"column":13},"end":{"line":43,"column":2}},"line":3},"1":{"name":"handleDelete","decl":{"start":{"line":6,"column":25},"end":{"line":10,"column":5}},"loc":{"start":{"line":6,"column":25},"end":{"line":10,"column":5}},"line":6},"2":{"name":"onClick","decl":{"start":{"line":24,"column":33},"end":{"line":24,"column":69}},"loc":{"start":{"line":24,"column":33},"end":{"line":24,"column":69}},"line":24},"3":{"name":"onClick","decl":{"start":{"line":33,"column":37},"end":{"line":33,"column":62}},"loc":{"start":{"line":33,"column":37},"end":{"line":33,"column":62}},"line":33},"4":{"name":"onClick","decl":{"start":{"line":38,"column":33},"end":{"line":38,"column":55}},"loc":{"start":{"line":38,"column":33},"end":{"line":38,"column":55}},"line":38}},"f":{"0":5,"1":0,"2":2,"3":2,"4":0}}
,"D:\\prepos\\sub-fso\\part5\\src\\components\\BlogForm.jsx": {"path":"D:\\prepos\\sub-fso\\part5\\src\\components\\BlogForm.jsx","all":false,"statementMap":{"0":{"start":{"line":1,"column":0},"end":{"line":1,"column":33}},"2":{"start":{"line":3,"column":0},"end":{"line":3,"column":33}},"3":{"start":{"line":4,"column":0},"end":{"line":4,"column":40}},"4":{"start":{"line":5,"column":0},"end":{"line":5,"column":42}},"5":{"start":{"line":6,"column":0},"end":{"line":6,"column":36}},"7":{"start":{"line":8,"column":0},"end":{"line":8,"column":35}},"8":{"start":{"line":9,"column":0},"end":{"line":9,"column":27}},"9":{"start":{"line":10,"column":0},"end":{"line":10,"column":36}},"11":{"start":{"line":12,"column":0},"end":{"line":12,"column":17}},"12":{"start":{"line":13,"column":0},"end":{"line":13,"column":18}},"13":{"start":{"line":14,"column":0},"end":{"line":14,"column":15}},"14":{"start":{"line":15,"column":0},"end":{"line":15,"column":3}},"16":{"start":{"line":17,"column":0},"end":{"line":17,"column":10}},"17":{"start":{"line":18,"column":0},"end":{"line":18,"column":34}},"19":{"start":{"line":20,"column":0},"end":{"line":20,"column":15}},"20":{"start":{"line":21,"column":0},"end":{"line":21,"column":19}},"21":{"start":{"line":22,"column":0},"end":{"line":22,"column":21}},"22":{"start":{"line":23,"column":0},"end":{"line":23,"column":20}},"23":{"start":{"line":24,"column":0},"end":{"line":24,"column":58}},"24":{"start":{"line":25,"column":0},"end":{"line":25,"column":24}},"25":{"start":{"line":26,"column":0},"end":{"line":26,"column":10}},"27":{"start":{"line":28,"column":0},"end":{"line":28,"column":15}},"28":{"start":{"line":29,"column":0},"end":{"line":29,"column":19}},"29":{"start":{"line":30,"column":0},"end":{"line":30,"column":22}},"30":{"start":{"line":31,"column":0},"end":{"line":31,"column":21}},"31":{"start":{"line":32,"column":0},"end":{"line":32,"column":59}},"32":{"start":{"line":33,"column":0},"end":{"line":33,"column":25}},"33":{"start":{"line":34,"column":0},"end":{"line":34,"column":10}},"35":{"start":{"line":36,"column":0},"end":{"line":36,"column":15}},"36":{"start":{"line":37,"column":0},"end":{"line":37,"column":19}},"37":{"start":{"line":38,"column":0},"end":{"line":38,"column":19}},"38":{"start":{"line":39,"column":0},"end":{"line":39,"column":18}},"39":{"start":{"line":40,"column":0},"end":{"line":40,"column":56}},"40":{"start":{"line":41,"column":0},"end":{"line":41,"column":22}},"41":{"start":{"line":42,"column":0},"end":{"line":42,"column":10}},"42":{"start":{"line":43,"column":0},"end":{"line":43,"column":45}},"43":{"start":{"line":44,"column":0},"end":{"line":44,"column":11}},"45":{"start":{"line":46,"column":0},"end":{"line":46,"column":1}},"47":{"start":{"line":48,"column":0},"end":{"line":48,"column":23}}},"s":{"0":1,"2":1,"3":40,"4":40,"5":40,"7":40,"8":1,"9":1,"11":1,"12":1,"13":1,"14":1,"16":40,"17":40,"19":40,"20":40,"21":40,"22":40,"23":40,"24":40,"25":40,"27":40,"28":40,"29":40,"30":40,"31":40,"32":40,"33":40,"35":40,"36":40,"37":40,"38":40,"39":40,"40":40,"41":40,"42":40,"43":40,"45":40,"47":1},"branchMap":{"0":{"type":"branch","line":3,"loc":{"start":{"line":3,"column":17},"end":{"line":46,"column":1}},"locations":[{"start":{"line":3,"column":17},"end":{"line":46,"column":1}}]},"1":{"type":"branch","line":8,"loc":{"start":{"line":8,"column":23},"end":{"line":15,"column":3}},"locations":[{"start":{"line":8,"column":23},"end":{"line":15,"column":3}}]},"2":{"type":"branch","line":24,"loc":{"start":{"line":24,"column":18},"end":{"line":24,"column":58}},"locations":[{"start":{"line":24,"column":18},"end":{"line":24,"column":58}}]},"3":{"type":"branch","line":32,"loc":{"start":{"line":32,"column":18},"end":{"line":32,"column":59}},"locations":[{"start":{"line":32,"column":18},"end":{"line":32,"column":59}}]},"4":{"type":"branch","line":40,"loc":{"start":{"line":40,"column":18},"end":{"line":40,"column":56}},"locations":[{"start":{"line":40,"column":18},"end":{"line":40,"column":56}}]}},"b":{"0":[40],"1":[1],"2":[10],"3":[6],"4":[22]},"fnMap":{"0":{"name":"BlogForm","decl":{"start":{"line":3,"column":17},"end":{"line":46,"column":1}},"loc":{"start":{"line":3,"column":17},"end":{"line":46,"column":1}},"line":3},"1":{"name":"handleSubmit","decl":{"start":{"line":8,"column":23},"end":{"line":15,"column":3}},"loc":{"start":{"line":8,"column":23},"end":{"line":15,"column":3}},"line":8},"2":{"name":"onChange","decl":{"start":{"line":24,"column":18},"end":{"line":24,"column":58}},"loc":{"start":{"line":24,"column":18},"end":{"line":24,"column":58}},"line":24},"3":{"name":"onChange","decl":{"start":{"line":32,"column":18},"end":{"line":32,"column":59}},"loc":{"start":{"line":32,"column":18},"end":{"line":32,"column":59}},"line":32},"4":{"name":"onChange","decl":{"start":{"line":40,"column":18},"end":{"line":40,"column":56}},"loc":{"start":{"line":40,"column":18},"end":{"line":40,"column":56}},"line":40}},"f":{"0":40,"1":1,"2":10,"3":6,"4":22}}
,"D:\\prepos\\sub-fso\\part5\\src\\components\\BlogList.jsx": {"path":"D:\\prepos\\sub-fso\\part5\\src\\components\\BlogList.jsx","all":true,"statementMap":{"0":{"start":{"line":1,"column":0},"end":{"line":1,"column":25}},"2":{"start":{"line":3,"column":0},"end":{"line":3,"column":63}},"3":{"start":{"line":4,"column":0},"end":{"line":4,"column":10}},"4":{"start":{"line":5,"column":0},"end":{"line":5,"column":9}},"5":{"start":{"line":6,"column":0},"end":{"line":6,"column":28}},"6":{"start":{"line":7,"column":0},"end":{"line":7,"column":104}},"7":{"start":{"line":8,"column":0},"end":{"line":8,"column":9}},"8":{"start":{"line":9,"column":0},"end":{"line":9,"column":10}},"10":{"start":{"line":11,"column":0},"end":{"line":11,"column":1}},"12":{"start":{"line":13,"column":0},"end":{"line":13,"column":23}}},"s":{"0":0,"2":0,"3":0,"4":0,"5":0,"6":0,"7":0,"8":0,"10":0,"12":0},"branchMap":{"0":{"type":"branch","line":1,"loc":{"start":{"line":1,"column":297},"end":{"line":13,"column":23}},"locations":[{"start":{"line":1,"column":297},"end":{"line":13,"column":23}}]}},"b":{"0":[0]},"fnMap":{"0":{"name":"(empty-report)","decl":{"start":{"line":1,"column":297},"end":{"line":13,"column":23}},"loc":{"start":{"line":1,"column":297},"end":{"line":13,"column":23}},"line":1}},"f":{"0":0}}
,"D:\\prepos\\sub-fso\\part5\\src\\components\\LoginForm.jsx": {"path":"D:\\prepos\\sub-fso\\part5\\src\\components\\LoginForm.jsx","all":true,"statementMap":{"0":{"start":{"line":1,"column":0},"end":{"line":1,"column":34}},"2":{"start":{"line":3,"column":0},"end":{"line":3,"column":20}},"3":{"start":{"line":4,"column":0},"end":{"line":4,"column":15}},"4":{"start":{"line":5,"column":0},"end":{"line":5,"column":23}},"5":{"start":{"line":6,"column":0},"end":{"line":6,"column":23}},"6":{"start":{"line":7,"column":0},"end":{"line":7,"column":11}},"7":{"start":{"line":8,"column":0},"end":{"line":8,"column":11}},"8":{"start":{"line":9,"column":0},"end":{"line":9,"column":9}},"9":{"start":{"line":10,"column":0},"end":{"line":10,"column":12}},"10":{"start":{"line":11,"column":0},"end":{"line":11,"column":11}},"11":{"start":{"line":12,"column":0},"end":{"line":12,"column":38}},"13":{"start":{"line":14,"column":0},"end":{"line":14,"column":17}},"14":{"start":{"line":15,"column":0},"end":{"line":15,"column":28}},"15":{"start":{"line":16,"column":0},"end":{"line":16,"column":43}},"16":{"start":{"line":17,"column":0},"end":{"line":17,"column":12}},"19":{"start":{"line":20,"column":0},"end":{"line":20,"column":17}},"20":{"start":{"line":21,"column":0},"end":{"line":21,"column":25}},"21":{"start":{"line":22,"column":0},"end":{"line":22,"column":26}},"22":{"start":{"line":23,"column":0},"end":{"line":23,"column":41}},"23":{"start":{"line":24,"column":0},"end":{"line":24,"column":12}},"25":{"start":{"line":26,"column":0},"end":{"line":26,"column":46}},"26":{"start":{"line":27,"column":0},"end":{"line":27,"column":15}},"27":{"start":{"line":28,"column":0},"end":{"line":28,"column":12}},"29":{"start":{"line":30,"column":0},"end":{"line":30,"column":3}},"31":{"start":{"line":32,"column":0},"end":{"line":32,"column":23}},"32":{"start":{"line":33,"column":0},"end":{"line":33,"column":42}},"33":{"start":{"line":34,"column":0},"end":{"line":34,"column":50}},"34":{"start":{"line":35,"column":0},"end":{"line":35,"column":50}},"35":{"start":{"line":36,"column":0},"end":{"line":36,"column":40}},"36":{"start":{"line":37,"column":0},"end":{"line":37,"column":39}},"37":{"start":{"line":38,"column":0},"end":{"line":38,"column":1}},"39":{"start":{"line":40,"column":0},"end":{"line":40,"column":24}}},"s":{"0":0,"2":0,"3":0,"4":0,"5":0,"6":0,"7":0,"8":0,"9":0,"10":0,"11":0,"13":0,"14":0,"15":0,"16":0,"19":0,"20":0,"21":0,"22":0,"23":0,"25":0,"26":0,"27":0,"29":0,"31":0,"32":0,"33":0,"34":0,"35":0,"36":0,"37":0,"39":0},"branchMap":{"0":{"type":"branch","line":1,"loc":{"start":{"line":1,"column":855},"end":{"line":40,"column":24}},"locations":[{"start":{"line":1,"column":855},"end":{"line":40,"column":24}}]}},"b":{"0":[0]},"fnMap":{"0":{"name":"(empty-report)","decl":{"start":{"line":1,"column":855},"end":{"line":40,"column":24}},"loc":{"start":{"line":1,"column":855},"end":{"line":40,"column":24}},"line":1}},"f":{"0":0}}
,"D:\\prepos\\sub-fso\\part5\\src\\components\\Notification.jsx": {"path":"D:\\prepos\\sub-fso\\part5\\src\\components\\Notification.jsx","all":true,"statementMap":{"0":{"start":{"line":1,"column":0},"end":{"line":1,"column":44}},"1":{"start":{"line":2,"column":0},"end":{"line":2,"column":30}},"2":{"start":{"line":3,"column":0},"end":{"line":3,"column":15}},"3":{"start":{"line":4,"column":0},"end":{"line":4,"column":3}},"4":{"start":{"line":5,"column":0},"end":{"line":5,"column":10}},"5":{"start":{"line":6,"column":0},"end":{"line":6,"column":58}},"6":{"start":{"line":7,"column":0},"end":{"line":7,"column":35}},"7":{"start":{"line":8,"column":0},"end":{"line":8,"column":10}},"9":{"start":{"line":10,"column":0},"end":{"line":10,"column":1}},"11":{"start":{"line":12,"column":0},"end":{"line":12,"column":27}}},"s":{"0":0,"1":0,"2":0,"3":0,"4":0,"5":0,"6":0,"7":0,"9":0,"11":0},"branchMap":{"0":{"type":"branch","line":1,"loc":{"start":{"line":1,"column":247},"end":{"line":12,"column":27}},"locations":[{"start":{"line":1,"column":247},"end":{"line":12,"column":27}}]}},"b":{"0":[0]},"fnMap":{"0":{"name":"(empty-report)","decl":{"start":{"line":1,"column":247},"end":{"line":12,"column":27}},"loc":{"start":{"line":1,"column":247},"end":{"line":12,"column":27}},"line":1}},"f":{"0":0}}
,"D:\\prepos\\sub-fso\\part5\\src\\components\\Togglable.jsx": {"path":"D:\\prepos\\sub-fso\\part5\\src\\components\\Togglable.jsx","all":true,"statementMap":{"0":{"start":{"line":1,"column":0},"end":{"line":1,"column":65}},"1":{"start":{"line":2,"column":0},"end":{"line":2,"column":34}},"3":{"start":{"line":4,"column":0},"end":{"line":4,"column":47}},"4":{"start":{"line":5,"column":0},"end":{"line":5,"column":47}},"5":{"start":{"line":6,"column":0},"end":{"line":6,"column":59}},"6":{"start":{"line":7,"column":0},"end":{"line":7,"column":59}},"8":{"start":{"line":9,"column":0},"end":{"line":9,"column":34}},"9":{"start":{"line":10,"column":0},"end":{"line":10,"column":24}},"10":{"start":{"line":11,"column":0},"end":{"line":11,"column":3}},"12":{"start":{"line":13,"column":0},"end":{"line":13,"column":34}},"13":{"start":{"line":14,"column":0},"end":{"line":14,"column":12}},"14":{"start":{"line":15,"column":0},"end":{"line":15,"column":20}},"15":{"start":{"line":16,"column":0},"end":{"line":16,"column":5}},"16":{"start":{"line":17,"column":0},"end":{"line":17,"column":4}},"18":{"start":{"line":19,"column":0},"end":{"line":19,"column":10}},"19":{"start":{"line":20,"column":0},"end":{"line":20,"column":11}},"20":{"start":{"line":21,"column":0},"end":{"line":21,"column":37}},"21":{"start":{"line":22,"column":0},"end":{"line":22,"column":73}},"22":{"start":{"line":23,"column":0},"end":{"line":23,"column":14}},"23":{"start":{"line":24,"column":0},"end":{"line":24,"column":66}},"24":{"start":{"line":25,"column":0},"end":{"line":25,"column":26}},"25":{"start":{"line":26,"column":0},"end":{"line":26,"column":60}},"26":{"start":{"line":27,"column":0},"end":{"line":27,"column":14}},"27":{"start":{"line":28,"column":0},"end":{"line":28,"column":12}},"29":{"start":{"line":30,"column":0},"end":{"line":30,"column":2}},"31":{"start":{"line":32,"column":0},"end":{"line":32,"column":35}},"33":{"start":{"line":34,"column":0},"end":{"line":34,"column":23}},"34":{"start":{"line":35,"column":0},"end":{"line":35,"column":42}},"35":{"start":{"line":36,"column":0},"end":{"line":36,"column":1}},"37":{"start":{"line":38,"column":0},"end":{"line":38,"column":24}}},"s":{"0":0,"1":0,"3":0,"4":0,"5":0,"6":0,"8":0,"9":0,"10":0,"12":0,"13":0,"14":0,"15":0,"16":0,"18":0,"19":0,"20":0,"21":0,"22":0,"23":0,"24":0,"25":0,"26":0,"27":0,"29":0,"31":0,"33":0,"34":0,"35":0,"37":0},"branchMap":{"0":{"type":"branch","line":1,"loc":{"start":{"line":1,"column":937},"end":{"line":38,"column":24}},"locations":[{"start":{"line":1,"column":937},"end":{"line":38,"column":24}}]}},"b":{"0":[0]},"fnMap":{"0":{"name":"(empty-report)","decl":{"start":{"line":1,"column":937},"end":{"line":38,"column":24}},"loc":{"start":{"line":1,"column":937},"end":{"line":38,"column":24}},"line":1}},"f":{"0":0}}
,"D:\\prepos\\sub-fso\\part5\\src\\services\\blogs.js": {"path":"D:\\prepos\\sub-fso\\part5\\src\\services\\blogs.js","all":true,"statementMap":{"0":{"start":{"line":1,"column":0},"end":{"line":1,"column":25}},"2":{"start":{"line":3,"column":0},"end":{"line":3,"column":28}},"4":{"start":{"line":5,"column":0},"end":{"line":5,"column":16}},"6":{"start":{"line":7,"column":0},"end":{"line":7,"column":30}},"7":{"start":{"line":8,"column":0},"end":{"line":8,"column":30}},"8":{"start":{"line":9,"column":0},"end":{"line":9,"column":1}},"10":{"start":{"line":11,"column":0},"end":{"line":11,"column":28}},"12":{"start":{"line":13,"column":0},"end":{"line":13,"column":43}},"14":{"start":{"line":15,"column":0},"end":{"line":15,"column":22}},"15":{"start":{"line":16,"column":0},"end":{"line":16,"column":1}},"18":{"start":{"line":19,"column":0},"end":{"line":19,"column":35}},"19":{"start":{"line":20,"column":0},"end":{"line":20,"column":18}},"20":{"start":{"line":21,"column":0},"end":{"line":21,"column":36}},"21":{"start":{"line":22,"column":0},"end":{"line":22,"column":3}},"23":{"start":{"line":24,"column":0},"end":{"line":24,"column":63}},"25":{"start":{"line":26,"column":0},"end":{"line":26,"column":22}},"26":{"start":{"line":27,"column":0},"end":{"line":27,"column":2}},"28":{"start":{"line":29,"column":0},"end":{"line":29,"column":41}},"29":{"start":{"line":30,"column":0},"end":{"line":30,"column":18}},"30":{"start":{"line":31,"column":0},"end":{"line":31,"column":36}},"31":{"start":{"line":32,"column":0},"end":{"line":32,"column":3}},"32":{"start":{"line":33,"column":0},"end":{"line":33,"column":73}},"33":{"start":{"line":34,"column":0},"end":{"line":34,"column":22}},"34":{"start":{"line":35,"column":0},"end":{"line":35,"column":1}},"36":{"start":{"line":37,"column":0},"end":{"line":37,"column":30}},"37":{"start":{"line":38,"column":0},"end":{"line":38,"column":18}},"38":{"start":{"line":39,"column":0},"end":{"line":39,"column":35}},"39":{"start":{"line":40,"column":0},"end":{"line":40,"column":3}},"40":{"start":{"line":41,"column":0},"end":{"line":41,"column":65}},"41":{"start":{"line":42,"column":0},"end":{"line":42,"column":22}},"42":{"start":{"line":43,"column":0},"end":{"line":43,"column":1}},"44":{"start":{"line":45,"column":0},"end":{"line":45,"column":59}}},"s":{"0":0,"2":0,"4":0,"6":0,"7":0,"8":0,"10":0,"12":0,"14":0,"15":0,"18":0,"19":0,"20":0,"21":0,"23":0,"25":0,"26":0,"28":0,"29":0,"30":0,"31":0,"32":0,"33":0,"34":0,"36":0,"37":0,"38":0,"39":0,"40":0,"41":0,"42":0,"44":0},"branchMap":{"0":{"type":"branch","line":1,"loc":{"start":{"line":1,"column":874},"end":{"line":45,"column":59}},"locations":[{"start":{"line":1,"column":874},"end":{"line":45,"column":59}}]}},"b":{"0":[0]},"fnMap":{"0":{"name":"(empty-report)","decl":{"start":{"line":1,"column":874},"end":{"line":45,"column":59}},"loc":{"start":{"line":1,"column":874},"end":{"line":45,"column":59}},"line":1}},"f":{"0":0}}
,"D:\\prepos\\sub-fso\\part5\\src\\services\\login.js": {"path":"D:\\prepos\\sub-fso\\part5\\src\\services\\login.js","all":true,"statementMap":{"0":{"start":{"line":1,"column":0},"end":{"line":1,"column":26}},"2":{"start":{"line":3,"column":0},"end":{"line":3,"column":28}},"6":{"start":{"line":7,"column":0},"end":{"line":7,"column":36}},"7":{"start":{"line":8,"column":0},"end":{"line":8,"column":57}},"9":{"start":{"line":10,"column":0},"end":{"line":10,"column":22}},"10":{"start":{"line":11,"column":0},"end":{"line":11,"column":1}},"13":{"start":{"line":14,"column":0},"end":{"line":14,"column":24}}},"s":{"0":0,"2":0,"6":0,"7":0,"9":0,"10":0,"13":0},"branchMap":{"0":{"type":"branch","line":1,"loc":{"start":{"line":1,"column":207},"end":{"line":14,"column":24}},"locations":[{"start":{"line":1,"column":207},"end":{"line":14,"column":24}}]}},"b":{"0":[0]},"fnMap":{"0":{"name":"(empty-report)","decl":{"start":{"line":1,"column":207},"end":{"line":14,"column":24}},"loc":{"start":{"line":1,"column":207},"end":{"line":14,"column":24}},"line":1}},"f":{"0":0}}
}
